d:\bstu\kurs_2_1\kpo\courselabs\selab21\selab21\selab21\debug\vc143.pdb
d:\bstu\kurs_2_1\kpo\courselabs\selab21\selab21\selab21\debug\vc143.idb
d:\bstu\kurs_2_1\kpo\courselabs\selab21\selab21\selab21\debug\selab21.obj
d:\bstu\kurs_2_1\kpo\courselabs\selab21\selab21\selab21\debug\parm.obj
d:\bstu\kurs_2_1\kpo\courselabs\selab21\selab21\selab21\debug\lt.obj
d:\bstu\kurs_2_1\kpo\courselabs\selab21\selab21\selab21\debug\log.obj
d:\bstu\kurs_2_1\kpo\courselabs\selab21\selab21\selab21\debug\lexical_analysis.obj
d:\bstu\kurs_2_1\kpo\courselabs\selab21\selab21\selab21\debug\it.obj
d:\bstu\kurs_2_1\kpo\courselabs\selab21\selab21\selab21\debug\in.obj
d:\bstu\kurs_2_1\kpo\courselabs\selab21\selab21\selab21\debug\fst.obj
d:\bstu\kurs_2_1\kpo\courselabs\selab21\selab21\selab21\debug\error.obj
d:\bstu\kurs_2_1\kpo\courselabs\selab21\selab21\selab21\debug\grb.obj
d:\bstu\kurs_2_1\kpo\courselabs\selab21\selab21\selab21\debug\mfst.obj
d:\bstu\kurs_2_1\kpo\courselabs\selab21\selab21\selab21\debug\polish.obj
d:\bstu\kurs_2_1\kpo\courselabs\selab21\selab21\debug\selab21.exe
d:\bstu\kurs_2_1\kpo\courselabs\selab21\selab21\selab21\debug\selab21.ilk
d:\bstu\kurs_2_1\kpo\courselabs\selab21\selab21\debug\selab21.pdb
d:\bstu\kurs_2_1\kpo\courselabs\selab21\selab21\selab21\debug\selab21.tlog\cl.command.1.tlog
d:\bstu\kurs_2_1\kpo\courselabs\selab21\selab21\selab21\debug\selab21.tlog\cl.read.1.tlog
d:\bstu\kurs_2_1\kpo\courselabs\selab21\selab21\selab21\debug\selab21.tlog\cl.write.1.tlog
d:\bstu\kurs_2_1\kpo\courselabs\selab21\selab21\selab21\debug\selab21.tlog\link.command.1.tlog
d:\bstu\kurs_2_1\kpo\courselabs\selab21\selab21\selab21\debug\selab21.tlog\link.read.1.tlog
d:\bstu\kurs_2_1\kpo\courselabs\selab21\selab21\selab21\debug\selab21.tlog\link.write.1.tlog
