Microsoft (R) Macro Assembler (x64) Version 14.29.30133.0   10/03/22 19:39:58
SE_Asm03.asm						     Page 1 - 1


				.586P
SE_Asm03.asm(1) : error A2008:syntax error : .
				.MODEL FLAT, STDCALL
SE_Asm03.asm(2) : error A2008:syntax error : .
				includelib kernel32.lib
				
				ExitProcess PROTO :DWORD
				MessageBoxA PROTO : DWORD, : DWORD, : DWORD, : DWORD
				
				.STACK 4096
SE_Asm03.asm(8) : error A2008:syntax error : .
				
 00000000			.CONST
				
 00000000			.DATA
 00000000 10 20 30 40			myBytes BYTE 10h, 20h, 30h, 40h					; 1 байт
 00000004 008A 003B 0044		myWords WORD 8Ah, 3Bh, 44h, 5Fh, 99h			; 2 байта
	   005F 0099
 0000000E 00000001			myDoubles DWORD 1, 2, 3, 4, 5, 6				; 4 байта
	   00000002
	   00000003
	   00000004
	   00000005
	   00000006
 00000026 0000000E R			myPointer DWORD myDoubles						; 4 байта
				
 0000002A 00000001			massive DWORD 1, 2, 3, 4, 5, 6, 7				; массив из 7 чисел, для задания с)
	   00000002
	   00000003
	   00000004
	   00000005
	   00000006
	   00000007
 00000046 00000000			sumOfElements DWORD 0							; сумма элементов массива, для задания с)
					
 0000004A D0 A2 D1 80 D1		STR1 DB "Трубач Дмитрий Сергеевич", 0			
	   83 D0 B1 D0 B0
	   D1 87 20 D0 94
	   D0 BC D0 B8 D1
	   82 D1 80 D0 B8
	   D0 B9 20 D0 A1
	   D0 B5 D1 80 D0
	   B3 D0 B5 D0 B5
	   D0 B2 D0 B8 D1
	   87 00
 00000079 D0 95 D1 81 D1		STR2 DB "Есть нулевой элемент", 0 
	   82 D1 8C 20 D0
	   BD D1 83 D0 BB
	   D0 B5 D0 B2 D0
	   BE D0 B9 20 D1
	   8D D0 BB D0 B5
	   D0 BC D0 B5 D0
	   BD D1 82 00
 000000A0 D0 9D D1 83 D0		STR3 DB "Нулевого элемента не найдено", 0 
	   BB D0 B5 D0 B2
	   D0 BE D0 B3 D0
	   BE 20 D1 8D D0
	   BB D0 B5 D0 BC
	   D0 B5 D0 BD D1
	   82 D0 B0 20 D0
	   BD D0 B5 20 D0
	   BD D0 B0 D0 B9
	   D0 B4 D0 B5 D0
	   BD D0 BE 00
				
 00000000			.CODE
				
 00000000			main PROC
 00000000			start: 
 00000000  BE 00000004 R		mov ESI, OFFSET myWords
 00000005  67& 66| 8B 06		mov AX, [ESI + 0] ; AX = 33554432
 00000009  67& 66| 8B 1E		mov BX, [ESI + 0] ; BX = 1
				
					;Вычислить сумму элементов массива. Результат запомнить в регистре EAX.
 0000000D  BE 0000002A R		mov ESI, OFFSET massive
 00000012  B9 00000007			mov ECX, lengthof massive						; сугубо счётчик
 00000017  BB 00000001			mov EBX, 1
 0000001C			CYCLE:
 0000001C  67& 8B 06			mov EAX, [ESI]									; EAX = massive[ESI], ESI = massive[0]
 0000001F  01 05 00000046 R		add sumOfElements, EAX							; sumOfElements = sumOfElements + EAX, добавляем то, что в EAX
 00000025  83 C6 04			add ESI, type massive							; +4 байта
 00000028  83 F8 00			cmp EAX, 0										; само сравнение
 0000002B  74 04			jz ZERO
 0000002D  E2 ED			loop CYCLE										; --ECX, if (ECX != 0) goto CYCLE
 0000002F  EB 07			jmp ALLOK
				
 00000031			ZERO:
 00000031  BB 00000000			mov EBX, 0	
 00000036  74 08			jz ZD1
				
 00000038			ALLOK:
 00000038  8B 05 00000046 R		mov eax, sumOfElements	
 0000003E  75 00			jnz ZD2
				
				
 00000040			ZD1:
					INVOKE MessageBoxA, 0, OFFSET Str2, OFFSET Str1, 1
SE_Asm03.asm(56) : error A2008:syntax error : MessageBoxA
					INVOKE ExitProcess, 2
SE_Asm03.asm(57) : error A2008:syntax error : INVOKE
				
 00000040			ZD2:
					INVOKE MessageBoxA, 0, OFFSET Str3, OFFSET Str1, 1
SE_Asm03.asm(60) : error A2008:syntax error : MessageBoxA
					INVOKE ExitProcess, 2
SE_Asm03.asm(61) : error A2008:syntax error : INVOKE
					
 00000040  6A FF		push -1
 00000042  E8 00000000 E	call ExitProcess
				
 00000047			main ENDP
				
				end main
SE_Asm03.asm(68) : error A2008:syntax error : main
SE_Asm03.asm(68) : error A2088:END directive required at end of file
Microsoft (R) Macro Assembler (x64) Version 14.29.30133.0   10/03/22 19:39:58
SE_Asm03.asm						     Symbols 2 - 1




Segments:

                N a m e                  Length   Align   Class

CONST  . . . . . . . . . . . . .	 00000000 16	  'CONST'	 ReadOnly


Procedures, parameters, and locals:

                N a m e                 Type     Value    Attr

ExitProcess  . . . . . . . . . .	P 	 00000000 Length= 00000000 External
MessageBoxA  . . . . . . . . . .	P 	 00000000 Length= 00000000 External
main . . . . . . . . . . . . . .	P 	 00000000 _TEXT	Length= 00000047 Public
  start  . . . . . . . . . . . .	L 	 00000000 _TEXT	
  CYCLE  . . . . . . . . . . . .	L 	 0000001C _TEXT	
  ZERO . . . . . . . . . . . . .	L 	 00000031 _TEXT	
  ALLOK  . . . . . . . . . . . .	L 	 00000038 _TEXT	
  ZD1  . . . . . . . . . . . . .	L 	 00000040 _TEXT	
  ZD2  . . . . . . . . . . . . .	L 	 00000040 _TEXT	


Symbols:

                N a m e                 Type     Value    Attr

STR1 . . . . . . . . . . . . . .	Byte	 0000004A _DATA	
STR2 . . . . . . . . . . . . . .	Byte	 00000079 _DATA	
STR3 . . . . . . . . . . . . . .	Byte	 000000A0 _DATA	
massive  . . . . . . . . . . . .	DWord	 0000002A _DATA	
myBytes  . . . . . . . . . . . .	Byte	 00000000 _DATA	
myDoubles  . . . . . . . . . . .	DWord	 0000000E _DATA	
myPointer  . . . . . . . . . . .	DWord	 00000026 _DATA	
myWords  . . . . . . . . . . . .	Word	 00000004 _DATA	
sumOfElements  . . . . . . . . .	DWord	 00000046 _DATA	

	   0 Warnings
	   9 Errors
